<?xml version="1.0" encoding="UTF-8"?>
<testsuite xmlns:xsi="http://www.w3.org/2001/XMLSchema-instance" xsi:noNamespaceSchemaLocation="https://maven.apache.org/surefire/maven-surefire-plugin/xsd/surefire-test-report.xsd" name="co.com.vanegas.microservice.resolveEnigmaApi.api.GetStepApiControllerIntegrationTest" time="0.032" tests="1" errors="1" skipped="0" failures="0">
  <properties>
[...]
</properties>
  <testcase name="initializationError" classname="co.com.vanegas.microservice.resolveEnigmaApi.api.GetStepApiControllerIntegrationTest" time="0.024">
    <error message="Failed to read candidate component class: file [C:\Users\galac\OneDrive\Documentos\universidad\ResolveEnigmaAp\target\test-classes\co\com\vanegas\microservice\resolveEnigmaApi\api\GetStepApiControllerIntegrationTest.class]; nested exception is org.springframework.core.NestedIOException: ASM ClassReader failed to parse class file - probably due to a new Java class file version that isn&apos;t supported yet: file [C:\Users\galac\OneDrive\Documentos\universidad\ResolveEnigmaAp\target\test-classes\co\com\vanegas\microservice\resolveEnigmaApi\api\GetStepApiControllerIntegrationTest.class]; nested exception is java.lang.IllegalArgumentException: Unsupported class file major version 61" type="org.springframework.beans.factory.BeanDefinitionStoreException">org.springframework.beans.factory.BeanDefinitionStoreException: Failed to read candidate component class: file [C:\Users\galac\OneDrive\Documentos\universidad\ResolveEnigmaAp\target\test-classes\co\com\vanegas\microservice\resolveEnigmaApi\api\GetStepApiControllerIntegrationTest.class]; nested exception is org.springframework.core.NestedIOException: ASM ClassReader failed to parse class file - probably due to a new Java class file version that isn't supported yet: file [C:\Users\galac\OneDrive\Documentos\universidad\ResolveEnigmaAp\target\test-classes\co\com\vanegas\microservice\resolveEnigmaApi\api\GetStepApiControllerIntegrationTest.class]; nested exception is java.lang.IllegalArgumentException: Unsupported class file major version 61
Caused by: org.springframework.core.NestedIOException: ASM ClassReader failed to parse class file - probably due to a new Java class file version that isn't supported yet: file [C:\Users\galac\OneDrive\Documentos\universidad\ResolveEnigmaAp\target\test-classes\co\com\vanegas\microservice\resolveEnigmaApi\api\GetStepApiControllerIntegrationTest.class]; nested exception is java.lang.IllegalArgumentException: Unsupported class file major version 61
Caused by: java.lang.IllegalArgumentException: Unsupported class file major version 61
</error>
    <system-out><![CDATA[20:36:52.413 [main] DEBUG org.springframework.test.context.junit4.SpringJUnit4ClassRunner - SpringJUnit4ClassRunner constructor called with [class co.com.vanegas.microservice.resolveEnigmaApi.api.GetStepApiControllerIntegrationTest]
20:36:52.424 [main] DEBUG org.springframework.test.context.BootstrapUtils - Instantiating CacheAwareContextLoaderDelegate from class [org.springframework.test.context.cache.DefaultCacheAwareContextLoaderDelegate]
20:36:52.448 [main] DEBUG org.springframework.test.context.BootstrapUtils - Instantiating BootstrapContext using constructor [public org.springframework.test.context.support.DefaultBootstrapContext(java.lang.Class,org.springframework.test.context.CacheAwareContextLoaderDelegate)]
20:36:52.546 [main] DEBUG org.springframework.test.context.BootstrapUtils - Instantiating TestContextBootstrapper for test class [co.com.vanegas.microservice.resolveEnigmaApi.api.GetStepApiControllerIntegrationTest] from class [org.springframework.boot.test.context.SpringBootTestContextBootstrapper]
20:36:52.592 [main] INFO org.springframework.boot.test.context.SpringBootTestContextBootstrapper - Neither @ContextConfiguration nor @ContextHierarchy found for test class [co.com.vanegas.microservice.resolveEnigmaApi.api.GetStepApiControllerIntegrationTest], using SpringBootContextLoader
20:36:52.604 [main] DEBUG org.springframework.test.context.support.AbstractContextLoader - Did not detect default resource location for test class [co.com.vanegas.microservice.resolveEnigmaApi.api.GetStepApiControllerIntegrationTest]: class path resource [co/com/vanegas/microservice/resolveEnigmaApi/api/GetStepApiControllerIntegrationTest-context.xml] does not exist
20:36:52.606 [main] DEBUG org.springframework.test.context.support.AbstractContextLoader - Did not detect default resource location for test class [co.com.vanegas.microservice.resolveEnigmaApi.api.GetStepApiControllerIntegrationTest]: class path resource [co/com/vanegas/microservice/resolveEnigmaApi/api/GetStepApiControllerIntegrationTestContext.groovy] does not exist
20:36:52.607 [main] INFO org.springframework.test.context.support.AbstractContextLoader - Could not detect default resource locations for test class [co.com.vanegas.microservice.resolveEnigmaApi.api.GetStepApiControllerIntegrationTest]: no resource found for suffixes {-context.xml, Context.groovy}.
20:36:52.609 [main] INFO org.springframework.test.context.support.AnnotationConfigContextLoaderUtils - Could not detect default configuration classes for test class [co.com.vanegas.microservice.resolveEnigmaApi.api.GetStepApiControllerIntegrationTest]: GetStepApiControllerIntegrationTest does not declare any static, non-private, non-final, nested classes annotated with @Configuration.
20:36:52.749 [main] DEBUG org.springframework.test.context.support.ActiveProfilesUtils - Could not find an 'annotation declaring class' for annotation type [org.springframework.test.context.ActiveProfiles] and class [co.com.vanegas.microservice.resolveEnigmaApi.api.GetStepApiControllerIntegrationTest]
20:36:53.060 [main] DEBUG org.springframework.test.context.junit4.SpringJUnit4ClassRunner - SpringJUnit4ClassRunner constructor called with [class co.com.vanegas.microservice.resolveEnigmaApi.api.GetStepApiControllerIntegrationTest]
20:36:53.061 [main] DEBUG org.springframework.test.context.BootstrapUtils - Instantiating CacheAwareContextLoaderDelegate from class [org.springframework.test.context.cache.DefaultCacheAwareContextLoaderDelegate]
20:36:53.061 [main] DEBUG org.springframework.test.context.BootstrapUtils - Instantiating BootstrapContext using constructor [public org.springframework.test.context.support.DefaultBootstrapContext(java.lang.Class,org.springframework.test.context.CacheAwareContextLoaderDelegate)]
20:36:53.063 [main] DEBUG org.springframework.test.context.BootstrapUtils - Instantiating TestContextBootstrapper for test class [co.com.vanegas.microservice.resolveEnigmaApi.api.GetStepApiControllerIntegrationTest] from class [org.springframework.boot.test.context.SpringBootTestContextBootstrapper]
20:36:53.066 [main] INFO org.springframework.boot.test.context.SpringBootTestContextBootstrapper - Neither @ContextConfiguration nor @ContextHierarchy found for test class [co.com.vanegas.microservice.resolveEnigmaApi.api.GetStepApiControllerIntegrationTest], using SpringBootContextLoader
20:36:53.068 [main] DEBUG org.springframework.test.context.support.AbstractContextLoader - Did not detect default resource location for test class [co.com.vanegas.microservice.resolveEnigmaApi.api.GetStepApiControllerIntegrationTest]: class path resource [co/com/vanegas/microservice/resolveEnigmaApi/api/GetStepApiControllerIntegrationTest-context.xml] does not exist
20:36:53.070 [main] DEBUG org.springframework.test.context.support.AbstractContextLoader - Did not detect default resource location for test class [co.com.vanegas.microservice.resolveEnigmaApi.api.GetStepApiControllerIntegrationTest]: class path resource [co/com/vanegas/microservice/resolveEnigmaApi/api/GetStepApiControllerIntegrationTestContext.groovy] does not exist
20:36:53.070 [main] INFO org.springframework.test.context.support.AbstractContextLoader - Could not detect default resource locations for test class [co.com.vanegas.microservice.resolveEnigmaApi.api.GetStepApiControllerIntegrationTest]: no resource found for suffixes {-context.xml, Context.groovy}.
20:36:53.071 [main] INFO org.springframework.test.context.support.AnnotationConfigContextLoaderUtils - Could not detect default configuration classes for test class [co.com.vanegas.microservice.resolveEnigmaApi.api.GetStepApiControllerIntegrationTest]: GetStepApiControllerIntegrationTest does not declare any static, non-private, non-final, nested classes annotated with @Configuration.
20:36:53.084 [main] DEBUG org.springframework.test.context.support.ActiveProfilesUtils - Could not find an 'annotation declaring class' for annotation type [org.springframework.test.context.ActiveProfiles] and class [co.com.vanegas.microservice.resolveEnigmaApi.api.GetStepApiControllerIntegrationTest]
]]></system-out>
  </testcase>
</testsuite>